  Detection.cpp
c:\users\joel\documents\github\6460_finalproj\webbrowser embedded\webbrowser embedded\detection.cpp(195): warning C4244: '=': conversion from 'pxcF32' to 'int', possible loss of data
c:\users\joel\documents\github\6460_finalproj\webbrowser embedded\webbrowser embedded\detection.cpp(214): warning C4244: '=': conversion from 'pxcF32' to 'int', possible loss of data
c:\users\joel\documents\github\6460_finalproj\webbrowser embedded\webbrowser embedded\detection.cpp(215): warning C4244: '=': conversion from 'pxcF32' to 'int', possible loss of data
c:\users\joel\documents\github\6460_finalproj\webbrowser embedded\webbrowser embedded\detection.cpp(216): warning C4244: '=': conversion from 'pxcF32' to 'int', possible loss of data
c:\users\joel\documents\github\6460_finalproj\webbrowser embedded\webbrowser embedded\detection.cpp(225): warning C4244: '=': conversion from 'pxcF32' to 'int', possible loss of data
c:\users\joel\documents\github\6460_finalproj\webbrowser embedded\webbrowser embedded\detection.cpp(327): warning C4244: 'initializing': conversion from 'double' to 'float', possible loss of data
c:\users\joel\documents\github\6460_finalproj\webbrowser embedded\webbrowser embedded\detection.cpp(328): warning C4244: 'initializing': conversion from 'double' to 'float', possible loss of data
c:\users\joel\documents\github\6460_finalproj\webbrowser embedded\webbrowser embedded\detection.cpp(348): warning C4244: '=': conversion from 'float' to 'int', possible loss of data
c:\users\joel\documents\github\6460_finalproj\webbrowser embedded\webbrowser embedded\detection.cpp(349): warning C4244: '=': conversion from 'float' to 'int', possible loss of data
c:\users\joel\documents\github\6460_finalproj\webbrowser embedded\webbrowser embedded\detection.cpp(357): warning C4244: '=': conversion from 'float' to 'int', possible loss of data
c:\users\joel\documents\github\6460_finalproj\webbrowser embedded\webbrowser embedded\detection.cpp(358): warning C4244: '=': conversion from 'float' to 'int', possible loss of data
c:\users\joel\documents\github\6460_finalproj\webbrowser embedded\webbrowser embedded\detection.cpp(368): warning C4244: '=': conversion from 'float' to 'int', possible loss of data
c:\users\joel\documents\github\6460_finalproj\webbrowser embedded\webbrowser embedded\detection.cpp(369): warning C4244: '=': conversion from 'float' to 'int', possible loss of data
c:\users\joel\documents\github\6460_finalproj\webbrowser embedded\webbrowser embedded\detection.cpp(447): warning C4244: '=': conversion from 'double' to 'float', possible loss of data
c:\users\joel\documents\github\6460_finalproj\webbrowser embedded\webbrowser embedded\detection.cpp(448): warning C4244: 'initializing': conversion from 'double' to 'float', possible loss of data
c:\users\joel\documents\github\6460_finalproj\webbrowser embedded\webbrowser embedded\detection.cpp(91): warning C4996: 'fopen': This function or variable may be unsafe. Consider using fopen_s instead. To disable deprecation, use _CRT_SECURE_NO_WARNINGS. See online help for details.
  c:\program files (x86)\windows kits\10\include\10.0.10240.0\ucrt\stdio.h(205): note: see declaration of 'fopen'
c:\users\joel\documents\github\6460_finalproj\webbrowser embedded\webbrowser embedded\detection.cpp(476): warning C4390: ';': empty controlled statement found; is this the intent?
  WebBrowser embedded.vcxproj -> C:\Users\Joel\Documents\GitHub\6460_FinalProj\WebBrowser embedded\Debug\WebBrowser embedded.exe
  WebBrowser embedded.vcxproj -> C:\Users\Joel\Documents\GitHub\6460_FinalProj\WebBrowser embedded\Debug\WebBrowser embedded.pdb (Full PDB)
